# JRE version: Java(TM) SE Runtime Environment (8.0_73-b02) (build 1.8.0_73-b02)
# Java VM: Java HotSpot(TM) 64-Bit Server VM (25.73-b02 mixed mode windows-amd64 compressed oops)
Heap:
 PSYoungGen      total 180224K, used 58513K [0x00000000eb100000, 0x00000000f8d00000, 0x0000000100000000)
  eden space 142336K, 29% used [0x00000000eb100000,0x00000000ed9e9150,0x00000000f3c00000)
  from space 37888K, 43% used [0x00000000f6800000,0x00000000f783b640,0x00000000f8d00000)
  to   space 41472K, 0% used [0x00000000f3c00000,0x00000000f3c00000,0x00000000f6480000)
 ParOldGen       total 151040K, used 75222K [0x00000000c1200000, 0x00000000ca580000, 0x00000000eb100000)
  object space 151040K, 49% used [0x00000000c1200000,0x00000000c5b759e8,0x00000000ca580000)
 Metaspace       used 31043K, capacity 31351K, committed 31744K, reserved 1077248K
  class space    used 3863K, capacity 3978K, committed 4096K, reserved 1048576K
GC Heap History (10 events):
Event: 13.395 GC heap before
{Heap before GC invocations=28 (full 4):
 PSYoungGen      total 142848K, used 22464K [0x00000000eb100000, 0x00000000f6380000, 0x0000000100000000)
  eden space 110080K, 0% used [0x00000000eb100000,0x00000000eb100000,0x00000000f1c80000)
  from space 32768K, 68% used [0x00000000f3e00000,0x00000000f53f00b0,0x00000000f5e00000)
  to   space 34304K, 0% used [0x00000000f1c80000,0x00000000f1c80000,0x00000000f3e00000)
 ParOldGen       total 108544K, used 89764K [0x00000000c1200000, 0x00000000c7c00000, 0x00000000eb100000)
  object space 108544K, 82% used [0x00000000c1200000,0x00000000c69a9298,0x00000000c7c00000)
 Metaspace       used 27565K, capacity 27839K, committed 28160K, reserved 1073152K
  class space    used 3401K, capacity 3516K, committed 3584K, reserved 1048576K
Event: 13.466 GC heap after
Heap after GC invocations=28 (full 4):
 PSYoungGen      total 142848K, used 0K [0x00000000eb100000, 0x00000000f6380000, 0x0000000100000000)
  eden space 110080K, 0% used [0x00000000eb100000,0x00000000eb100000,0x00000000f1c80000)
  from space 32768K, 0% used [0x00000000f3e00000,0x00000000f3e00000,0x00000000f5e00000)
  to   space 34304K, 0% used [0x00000000f1c80000,0x00000000f1c80000,0x00000000f3e00000)
 ParOldGen       total 151040K, used 75198K [0x00000000c1200000, 0x00000000ca580000, 0x00000000eb100000)
  object space 151040K, 49% used [0x00000000c1200000,0x00000000c5b6f9e8,0x00000000ca580000)
 Metaspace       used 27565K, capacity 27839K, committed 28160K, reserved 1073152K
  class space    used 3401K, capacity 3516K, committed 3584K, reserved 1048576K
}
Event: 14.372 GC heap before
{Heap before GC invocations=29 (full 4):
 PSYoungGen      total 142848K, used 110080K [0x00000000eb100000, 0x00000000f6380000, 0x0000000100000000)
  eden space 110080K, 100% used [0x00000000eb100000,0x00000000f1c80000,0x00000000f1c80000)
  from space 32768K, 0% used [0x00000000f3e00000,0x00000000f3e00000,0x00000000f5e00000)
  to   space 34304K, 0% used [0x00000000f1c80000,0x00000000f1c80000,0x00000000f3e00000)
 ParOldGen       total 151040K, used 75198K [0x00000000c1200000, 0x00000000ca580000, 0x00000000eb100000)
  object space 151040K, 49% used [0x00000000c1200000,0x00000000c5b6f9e8,0x00000000ca580000)
 Metaspace       used 27589K, capacity 27903K, committed 28160K, reserved 1073152K
  class space    used 3402K, capacity 3516K, committed 3584K, reserved 1048576K
Event: 14.388 GC heap after
Heap after GC invocations=29 (full 4):
 PSYoungGen      total 144384K, used 24038K [0x00000000eb100000, 0x00000000f7800000, 0x0000000100000000)
  eden space 110080K, 0% used [0x00000000eb100000,0x00000000eb100000,0x00000000f1c80000)
  from space 34304K, 70% used [0x00000000f1c80000,0x00000000f33f9b08,0x00000000f3e00000)
  to   space 36864K, 0% used [0x00000000f5400000,0x00000000f5400000,0x00000000f7800000)
 ParOldGen       total 151040K, used 75206K [0x00000000c1200000, 0x00000000ca580000, 0x00000000eb100000)
  object space 151040K, 49% used [0x00000000c1200000,0x00000000c5b719e8,0x00000000ca580000)
 Metaspace       used 27589K, capacity 27903K, committed 28160K, reserved 1073152K
  class space    used 3402K, capacity 3516K, committed 3584K, reserved 1048576K
}
Event: 15.230 GC heap before
{Heap before GC invocations=30 (full 4):
 PSYoungGen      total 144384K, used 134118K [0x00000000eb100000, 0x00000000f7800000, 0x0000000100000000)
  eden space 110080K, 100% used [0x00000000eb100000,0x00000000f1c80000,0x00000000f1c80000)
  from space 34304K, 70% used [0x00000000f1c80000,0x00000000f33f9b08,0x00000000f3e00000)
  to   space 36864K, 0% used [0x00000000f5400000,0x00000000f5400000,0x00000000f7800000)
 ParOldGen       total 151040K, used 75206K [0x00000000c1200000, 0x00000000ca580000, 0x00000000eb100000)
  object space 151040K, 49% used [0x00000000c1200000,0x00000000c5b719e8,0x00000000ca580000)
 Metaspace       used 27601K, capacity 27903K, committed 28160K, reserved 1073152K
  class space    used 3402K, capacity 3516K, committed 3584K, reserved 1048576K
Event: 15.253 GC heap after
Heap after GC invocations=30 (full 4):
 PSYoungGen      total 162304K, used 26718K [0x00000000eb100000, 0x00000000f7880000, 0x0000000100000000)
  eden space 125440K, 0% used [0x00000000eb100000,0x00000000eb100000,0x00000000f2b80000)
  from space 36864K, 72% used [0x00000000f5400000,0x00000000f6e178f8,0x00000000f7800000)
  to   space 39424K, 0% used [0x00000000f2b80000,0x00000000f2b80000,0x00000000f5200000)
 ParOldGen       total 151040K, used 75206K [0x00000000c1200000, 0x00000000ca580000, 0x00000000eb100000)
  object space 151040K, 49% used [0x00000000c1200000,0x00000000c5b719e8,0x00000000ca580000)
 Metaspace       used 27601K, capacity 27903K, committed 28160K, reserved 1073152K
  class space    used 3402K, capacity 3516K, committed 3584K, reserved 1048576K
}
Event: 16.418 GC heap before
{Heap before GC invocations=31 (full 4):
 PSYoungGen      total 162304K, used 152158K [0x00000000eb100000, 0x00000000f7880000, 0x0000000100000000)
  eden space 125440K, 100% used [0x00000000eb100000,0x00000000f2b80000,0x00000000f2b80000)
  from space 36864K, 72% used [0x00000000f5400000,0x00000000f6e178f8,0x00000000f7800000)
  to   space 39424K, 0% used [0x00000000f2b80000,0x00000000f2b80000,0x00000000f5200000)
 ParOldGen       total 151040K, used 75206K [0x00000000c1200000, 0x00000000ca580000, 0x00000000eb100000)
  object space 151040K, 49% used [0x00000000c1200000,0x00000000c5b719e8,0x00000000ca580000)
 Metaspace       used 27924K, capacity 28191K, committed 28416K, reserved 1075200K
  class space    used 3450K, capacity 3548K, committed 3584K, reserved 1048576K
Event: 16.448 GC heap after
Heap after GC invocations=31 (full 4):
 PSYoungGen      total 164864K, used 34136K [0x00000000eb100000, 0x00000000f9300000, 0x0000000100000000)
  eden space 125440K, 0% used [0x00000000eb100000,0x00000000eb100000,0x00000000f2b80000)
  from space 39424K, 86% used [0x00000000f2b80000,0x00000000f4cd61e0,0x00000000f5200000)
  to   space 44032K, 0% used [0x00000000f6800000,0x00000000f6800000,0x00000000f9300000)
 ParOldGen       total 151040K, used 75214K [0x00000000c1200000, 0x00000000ca580000, 0x00000000eb100000)
  object space 151040K, 49% used [0x00000000c1200000,0x00000000c5b739e8,0x00000000ca580000)
 Metaspace       used 27924K, capacity 28191K, committed 28416K, reserved 1075200K
  class space    used 3450K, capacity 3548K, committed 3584K, reserved 1048576K
}
Event: 17.873 GC heap before
{Heap before GC invocations=32 (full 4):
 PSYoungGen      total 164864K, used 159576K [0x00000000eb100000, 0x00000000f9300000, 0x0000000100000000)
  eden space 125440K, 100% used [0x00000000eb100000,0x00000000f2b80000,0x00000000f2b80000)
  from space 39424K, 86% used [0x00000000f2b80000,0x00000000f4cd61e0,0x00000000f5200000)
  to   space 44032K, 0% used [0x00000000f6800000,0x00000000f6800000,0x00000000f9300000)
 ParOldGen       total 151040K, used 75214K [0x00000000c1200000, 0x00000000ca580000, 0x00000000eb100000)
  object space 151040K, 49% used [0x00000000c1200000,0x00000000c5b739e8,0x00000000ca580000)
 Metaspace       used 30322K, capacity 30621K, committed 30848K, reserved 1077248K
  class space    used 3786K, capacity 3907K, committed 3968K, reserved 1048576K
Event: 17.891 GC heap after
Heap after GC invocations=32 (full 4):
 PSYoungGen      total 180224K, used 16621K [0x00000000eb100000, 0x00000000f8d00000, 0x0000000100000000)
  eden space 142336K, 0% used [0x00000000eb100000,0x00000000eb100000,0x00000000f3c00000)
  from space 37888K, 43% used [0x00000000f6800000,0x00000000f783b640,0x00000000f8d00000)
  to   space 41472K, 0% used [0x00000000f3c00000,0x00000000f3c00000,0x00000000f6480000)
 ParOldGen       total 151040K, used 75222K [0x00000000c1200000, 0x00000000ca580000, 0x00000000eb100000)
  object space 151040K, 49% used [0x00000000c1200000,0x00000000c5b759e8,0x00000000ca580000)
 Metaspace       used 30322K, capacity 30621K, committed 30848K, reserved 1077248K
  class space    used 3786K, capacity 3907K, committed 3968K, reserved 1048576K
}

